c:\users\zainian\desktop\pipeline\renderingpipeline\debug\vc142.pdb
c:\users\zainian\desktop\pipeline\renderingpipeline\debug\vc142.idb
c:\users\zainian\desktop\pipeline\renderingpipeline\debug\window.obj
c:\users\zainian\desktop\pipeline\renderingpipeline\debug\wictextureloader.obj
c:\users\zainian\desktop\pipeline\renderingpipeline\debug\time.obj
c:\users\zainian\desktop\pipeline\renderingpipeline\debug\skybox.obj
c:\users\zainian\desktop\pipeline\renderingpipeline\debug\mesh.obj
c:\users\zainian\desktop\pipeline\renderingpipeline\debug\material.obj
c:\users\zainian\desktop\pipeline\renderingpipeline\debug\main.obj
c:\users\zainian\desktop\pipeline\renderingpipeline\debug\gameobject.obj
c:\users\zainian\desktop\pipeline\renderingpipeline\debug\d3d.obj
c:\users\zainian\desktop\pipeline\renderingpipeline\debug\camera.obj
c:\users\zainian\desktop\pipeline\renderingpipeline\debug\texturecubephongpixelshader.cso
c:\users\zainian\desktop\pipeline\renderingpipeline\debug\texturecubephongvertexshader.cso
c:\users\zainian\desktop\pipeline\renderingpipeline\debug\normalmapphongpixelshader.cso
c:\users\zainian\desktop\pipeline\renderingpipeline\debug\normalmapphongvertexshader.cso
c:\users\zainian\desktop\newpipeline\debug\pipeline.ilk
c:\users\zainian\desktop\newpipeline\debug\pipeline.exe
c:\users\zainian\desktop\newpipeline\debug\pipeline.pdb
c:\users\zainian\desktop\pipeline\renderingpipeline\debug\pipeline.ilk
c:\users\zainian\desktop\pipeline\renderingpipeline\debug\pipeline.exe
c:\users\zainian\desktop\pipeline\renderingpipeline\debug\pipeline.pdb
c:\users\zainian\desktop\pipeline\renderingpipeline\debug\pipeline.tlog\cl.command.1.tlog
c:\users\zainian\desktop\pipeline\renderingpipeline\debug\pipeline.tlog\cl.read.1.tlog
c:\users\zainian\desktop\pipeline\renderingpipeline\debug\pipeline.tlog\cl.write.1.tlog
c:\users\zainian\desktop\pipeline\renderingpipeline\debug\pipeline.tlog\fxc.command.1.tlog
c:\users\zainian\desktop\pipeline\renderingpipeline\debug\pipeline.tlog\fxc.read.1.tlog
c:\users\zainian\desktop\pipeline\renderingpipeline\debug\pipeline.tlog\fxc.write.1.tlog
c:\users\zainian\desktop\pipeline\renderingpipeline\debug\pipeline.tlog\link.command.1.tlog
c:\users\zainian\desktop\pipeline\renderingpipeline\debug\pipeline.tlog\link.read.1.tlog
c:\users\zainian\desktop\pipeline\renderingpipeline\debug\pipeline.tlog\link.write.1.tlog
