c:\users\zainian\desktop\pipeline\renderingpipeline\release\vc142.pdb
c:\users\zainian\desktop\pipeline\renderingpipeline\release\window.obj
c:\users\zainian\desktop\pipeline\renderingpipeline\release\wictextureloader.obj
c:\users\zainian\desktop\pipeline\renderingpipeline\release\time.obj
c:\users\zainian\desktop\pipeline\renderingpipeline\release\skybox.obj
c:\users\zainian\desktop\pipeline\renderingpipeline\release\mesh.obj
c:\users\zainian\desktop\pipeline\renderingpipeline\release\material.obj
c:\users\zainian\desktop\pipeline\renderingpipeline\release\main.obj
c:\users\zainian\desktop\pipeline\renderingpipeline\release\gameobject.obj
c:\users\zainian\desktop\pipeline\renderingpipeline\release\d3d.obj
c:\users\zainian\desktop\pipeline\renderingpipeline\release\camera.obj
c:\users\zainian\desktop\newpipeline\release\texturecubephongpixelshader.cso
c:\users\zainian\desktop\newpipeline\release\texturecubephongvertexshader.cso
c:\users\zainian\desktop\newpipeline\release\normalmapphongpixelshader.cso
c:\users\zainian\desktop\newpipeline\release\normalmapphongvertexshader.cso
c:\users\zainian\desktop\newpipeline\release\pipeline.exe
c:\users\zainian\desktop\pipeline\renderingpipeline\release\pipeline.ipdb
c:\users\zainian\desktop\pipeline\renderingpipeline\release\pipeline.iobj
c:\users\zainian\desktop\newpipeline\release\pipeline.pdb
c:\users\zainian\desktop\pipeline\renderingpipeline\release\pipeline.tlog\cl.command.1.tlog
c:\users\zainian\desktop\pipeline\renderingpipeline\release\pipeline.tlog\cl.read.1.tlog
c:\users\zainian\desktop\pipeline\renderingpipeline\release\pipeline.tlog\cl.write.1.tlog
c:\users\zainian\desktop\pipeline\renderingpipeline\release\pipeline.tlog\fxc.command.1.tlog
c:\users\zainian\desktop\pipeline\renderingpipeline\release\pipeline.tlog\fxc.read.1.tlog
c:\users\zainian\desktop\pipeline\renderingpipeline\release\pipeline.tlog\fxc.write.1.tlog
c:\users\zainian\desktop\pipeline\renderingpipeline\release\pipeline.tlog\link.command.1.tlog
c:\users\zainian\desktop\pipeline\renderingpipeline\release\pipeline.tlog\link.read.1.tlog
c:\users\zainian\desktop\pipeline\renderingpipeline\release\pipeline.tlog\link.write.1.tlog
